Grammar

    0 $accept: input $end

    1 input: exp

    2 exp: CHAR
    3    | NUM
    4    | exp PLUS exp
    5    | exp MINUS exp
    6    | exp MULT exp
    7    | exp DIV exp
    8    | exp EQEQ exp
    9    | exp NOTEQ exp
   10    | exp GRETER exp
   11    | exp GRETEREQ exp
   12    | exp LESS exp
   13    | exp LESSEQ exp
   14    | exp AND exp
   15    | exp OR exp
   16    | exp EQ exp
   17    | exp UNDER exp


Terminals, with rules where they appear

$end (0) 0
error (256)
CHAR (258) 2
NUM (259) 3
EQ (260) 16
GRETEREQ (261) 11
LESSEQ (262) 13
GRETER (263) 10
LESS (264) 12
EQEQ (265) 8
AND (266) 14
OR (267) 15
PLUS (268) 4
MINUS (269) 5
MULT (270) 6
DIV (271) 7
NOTEQ (272) 9
UNDER (273) 17


Nonterminals, with rules where they appear

$accept (19)
    on left: 0
input (20)
    on left: 1, on right: 0
exp (21)
    on left: 2 3 4 5 6 7 8 9 10 11 12 13 14 15 16 17, on right: 1 4
    5 6 7 8 9 10 11 12 13 14 15 16 17


State 0

    0 $accept: . input $end

    CHAR  shift, and go to state 1
    NUM   shift, and go to state 2

    input  go to state 3
    exp    go to state 4


State 1

    2 exp: CHAR .

    $default  reduce using rule 2 (exp)


State 2

    3 exp: NUM .

    $default  reduce using rule 3 (exp)


State 3

    0 $accept: input . $end

    $end  shift, and go to state 5


State 4

    1 input: exp .
    4 exp: exp . PLUS exp
    5    | exp . MINUS exp
    6    | exp . MULT exp
    7    | exp . DIV exp
    8    | exp . EQEQ exp
    9    | exp . NOTEQ exp
   10    | exp . GRETER exp
   11    | exp . GRETEREQ exp
   12    | exp . LESS exp
   13    | exp . LESSEQ exp
   14    | exp . AND exp
   15    | exp . OR exp
   16    | exp . EQ exp
   17    | exp . UNDER exp

    EQ        shift, and go to state 6
    GRETEREQ  shift, and go to state 7
    LESSEQ    shift, and go to state 8
    GRETER    shift, and go to state 9
    LESS      shift, and go to state 10
    EQEQ      shift, and go to state 11
    AND       shift, and go to state 12
    OR        shift, and go to state 13
    PLUS      shift, and go to state 14
    MINUS     shift, and go to state 15
    MULT      shift, and go to state 16
    DIV       shift, and go to state 17
    NOTEQ     shift, and go to state 18
    UNDER     shift, and go to state 19

    $default  reduce using rule 1 (input)


State 5

    0 $accept: input $end .

    $default  accept


State 6

   16 exp: exp EQ . exp

    CHAR  shift, and go to state 1
    NUM   shift, and go to state 2

    exp  go to state 20


State 7

   11 exp: exp GRETEREQ . exp

    CHAR  shift, and go to state 1
    NUM   shift, and go to state 2

    exp  go to state 21


State 8

   13 exp: exp LESSEQ . exp

    CHAR  shift, and go to state 1
    NUM   shift, and go to state 2

    exp  go to state 22


State 9

   10 exp: exp GRETER . exp

    CHAR  shift, and go to state 1
    NUM   shift, and go to state 2

    exp  go to state 23


State 10

   12 exp: exp LESS . exp

    CHAR  shift, and go to state 1
    NUM   shift, and go to state 2

    exp  go to state 24


State 11

    8 exp: exp EQEQ . exp

    CHAR  shift, and go to state 1
    NUM   shift, and go to state 2

    exp  go to state 25


State 12

   14 exp: exp AND . exp

    CHAR  shift, and go to state 1
    NUM   shift, and go to state 2

    exp  go to state 26


State 13

   15 exp: exp OR . exp

    CHAR  shift, and go to state 1
    NUM   shift, and go to state 2

    exp  go to state 27


State 14

    4 exp: exp PLUS . exp

    CHAR  shift, and go to state 1
    NUM   shift, and go to state 2

    exp  go to state 28


State 15

    5 exp: exp MINUS . exp

    CHAR  shift, and go to state 1
    NUM   shift, and go to state 2

    exp  go to state 29


State 16

    6 exp: exp MULT . exp

    CHAR  shift, and go to state 1
    NUM   shift, and go to state 2

    exp  go to state 30


State 17

    7 exp: exp DIV . exp

    CHAR  shift, and go to state 1
    NUM   shift, and go to state 2

    exp  go to state 31


State 18

    9 exp: exp NOTEQ . exp

    CHAR  shift, and go to state 1
    NUM   shift, and go to state 2

    exp  go to state 32


State 19

   17 exp: exp UNDER . exp

    CHAR  shift, and go to state 1
    NUM   shift, and go to state 2

    exp  go to state 33


State 20

    4 exp: exp . PLUS exp
    5    | exp . MINUS exp
    6    | exp . MULT exp
    7    | exp . DIV exp
    8    | exp . EQEQ exp
    9    | exp . NOTEQ exp
   10    | exp . GRETER exp
   11    | exp . GRETEREQ exp
   12    | exp . LESS exp
   13    | exp . LESSEQ exp
   14    | exp . AND exp
   15    | exp . OR exp
   16    | exp . EQ exp
   16    | exp EQ exp .
   17    | exp . UNDER exp

    UNDER  shift, and go to state 19

    $default  reduce using rule 16 (exp)


State 21

    4 exp: exp . PLUS exp
    5    | exp . MINUS exp
    6    | exp . MULT exp
    7    | exp . DIV exp
    8    | exp . EQEQ exp
    9    | exp . NOTEQ exp
   10    | exp . GRETER exp
   11    | exp . GRETEREQ exp
   11    | exp GRETEREQ exp .
   12    | exp . LESS exp
   13    | exp . LESSEQ exp
   14    | exp . AND exp
   15    | exp . OR exp
   16    | exp . EQ exp
   17    | exp . UNDER exp

    EQ      shift, and go to state 6
    LESSEQ  shift, and go to state 8
    LESS    shift, and go to state 10
    AND     shift, and go to state 12
    OR      shift, and go to state 13
    UNDER   shift, and go to state 19

    $default  reduce using rule 11 (exp)


State 22

    4 exp: exp . PLUS exp
    5    | exp . MINUS exp
    6    | exp . MULT exp
    7    | exp . DIV exp
    8    | exp . EQEQ exp
    9    | exp . NOTEQ exp
   10    | exp . GRETER exp
   11    | exp . GRETEREQ exp
   12    | exp . LESS exp
   13    | exp . LESSEQ exp
   13    | exp LESSEQ exp .
   14    | exp . AND exp
   15    | exp . OR exp
   16    | exp . EQ exp
   17    | exp . UNDER exp

    EQ     shift, and go to state 6
    AND    shift, and go to state 12
    OR     shift, and go to state 13
    UNDER  shift, and go to state 19

    $default  reduce using rule 13 (exp)


State 23

    4 exp: exp . PLUS exp
    5    | exp . MINUS exp
    6    | exp . MULT exp
    7    | exp . DIV exp
    8    | exp . EQEQ exp
    9    | exp . NOTEQ exp
   10    | exp . GRETER exp
   10    | exp GRETER exp .
   11    | exp . GRETEREQ exp
   12    | exp . LESS exp
   13    | exp . LESSEQ exp
   14    | exp . AND exp
   15    | exp . OR exp
   16    | exp . EQ exp
   17    | exp . UNDER exp

    EQ      shift, and go to state 6
    LESSEQ  shift, and go to state 8
    LESS    shift, and go to state 10
    AND     shift, and go to state 12
    OR      shift, and go to state 13
    UNDER   shift, and go to state 19

    $default  reduce using rule 10 (exp)


State 24

    4 exp: exp . PLUS exp
    5    | exp . MINUS exp
    6    | exp . MULT exp
    7    | exp . DIV exp
    8    | exp . EQEQ exp
    9    | exp . NOTEQ exp
   10    | exp . GRETER exp
   11    | exp . GRETEREQ exp
   12    | exp . LESS exp
   12    | exp LESS exp .
   13    | exp . LESSEQ exp
   14    | exp . AND exp
   15    | exp . OR exp
   16    | exp . EQ exp
   17    | exp . UNDER exp

    EQ     shift, and go to state 6
    AND    shift, and go to state 12
    OR     shift, and go to state 13
    UNDER  shift, and go to state 19

    $default  reduce using rule 12 (exp)


State 25

    4 exp: exp . PLUS exp
    5    | exp . MINUS exp
    6    | exp . MULT exp
    7    | exp . DIV exp
    8    | exp . EQEQ exp
    8    | exp EQEQ exp .
    9    | exp . NOTEQ exp
   10    | exp . GRETER exp
   11    | exp . GRETEREQ exp
   12    | exp . LESS exp
   13    | exp . LESSEQ exp
   14    | exp . AND exp
   15    | exp . OR exp
   16    | exp . EQ exp
   17    | exp . UNDER exp

    EQ        shift, and go to state 6
    GRETEREQ  shift, and go to state 7
    LESSEQ    shift, and go to state 8
    GRETER    shift, and go to state 9
    LESS      shift, and go to state 10
    AND       shift, and go to state 12
    OR        shift, and go to state 13
    UNDER     shift, and go to state 19

    $default  reduce using rule 8 (exp)


State 26

    4 exp: exp . PLUS exp
    5    | exp . MINUS exp
    6    | exp . MULT exp
    7    | exp . DIV exp
    8    | exp . EQEQ exp
    9    | exp . NOTEQ exp
   10    | exp . GRETER exp
   11    | exp . GRETEREQ exp
   12    | exp . LESS exp
   13    | exp . LESSEQ exp
   14    | exp . AND exp
   14    | exp AND exp .
   15    | exp . OR exp
   16    | exp . EQ exp
   17    | exp . UNDER exp

    EQ     shift, and go to state 6
    UNDER  shift, and go to state 19

    $default  reduce using rule 14 (exp)


State 27

    4 exp: exp . PLUS exp
    5    | exp . MINUS exp
    6    | exp . MULT exp
    7    | exp . DIV exp
    8    | exp . EQEQ exp
    9    | exp . NOTEQ exp
   10    | exp . GRETER exp
   11    | exp . GRETEREQ exp
   12    | exp . LESS exp
   13    | exp . LESSEQ exp
   14    | exp . AND exp
   15    | exp . OR exp
   15    | exp OR exp .
   16    | exp . EQ exp
   17    | exp . UNDER exp

    EQ     shift, and go to state 6
    UNDER  shift, and go to state 19

    $default  reduce using rule 15 (exp)


State 28

    4 exp: exp . PLUS exp
    4    | exp PLUS exp .
    5    | exp . MINUS exp
    6    | exp . MULT exp
    7    | exp . DIV exp
    8    | exp . EQEQ exp
    9    | exp . NOTEQ exp
   10    | exp . GRETER exp
   11    | exp . GRETEREQ exp
   12    | exp . LESS exp
   13    | exp . LESSEQ exp
   14    | exp . AND exp
   15    | exp . OR exp
   16    | exp . EQ exp
   17    | exp . UNDER exp

    EQ        shift, and go to state 6
    GRETEREQ  shift, and go to state 7
    LESSEQ    shift, and go to state 8
    GRETER    shift, and go to state 9
    LESS      shift, and go to state 10
    EQEQ      shift, and go to state 11
    AND       shift, and go to state 12
    OR        shift, and go to state 13
    MULT      shift, and go to state 16
    DIV       shift, and go to state 17
    NOTEQ     shift, and go to state 18
    UNDER     shift, and go to state 19

    $default  reduce using rule 4 (exp)


State 29

    4 exp: exp . PLUS exp
    5    | exp . MINUS exp
    5    | exp MINUS exp .
    6    | exp . MULT exp
    7    | exp . DIV exp
    8    | exp . EQEQ exp
    9    | exp . NOTEQ exp
   10    | exp . GRETER exp
   11    | exp . GRETEREQ exp
   12    | exp . LESS exp
   13    | exp . LESSEQ exp
   14    | exp . AND exp
   15    | exp . OR exp
   16    | exp . EQ exp
   17    | exp . UNDER exp

    EQ        shift, and go to state 6
    GRETEREQ  shift, and go to state 7
    LESSEQ    shift, and go to state 8
    GRETER    shift, and go to state 9
    LESS      shift, and go to state 10
    EQEQ      shift, and go to state 11
    AND       shift, and go to state 12
    OR        shift, and go to state 13
    MULT      shift, and go to state 16
    DIV       shift, and go to state 17
    NOTEQ     shift, and go to state 18
    UNDER     shift, and go to state 19

    $default  reduce using rule 5 (exp)


State 30

    4 exp: exp . PLUS exp
    5    | exp . MINUS exp
    6    | exp . MULT exp
    6    | exp MULT exp .
    7    | exp . DIV exp
    8    | exp . EQEQ exp
    9    | exp . NOTEQ exp
   10    | exp . GRETER exp
   11    | exp . GRETEREQ exp
   12    | exp . LESS exp
   13    | exp . LESSEQ exp
   14    | exp . AND exp
   15    | exp . OR exp
   16    | exp . EQ exp
   17    | exp . UNDER exp

    EQ        shift, and go to state 6
    GRETEREQ  shift, and go to state 7
    LESSEQ    shift, and go to state 8
    GRETER    shift, and go to state 9
    LESS      shift, and go to state 10
    EQEQ      shift, and go to state 11
    AND       shift, and go to state 12
    OR        shift, and go to state 13
    NOTEQ     shift, and go to state 18
    UNDER     shift, and go to state 19

    $default  reduce using rule 6 (exp)


State 31

    4 exp: exp . PLUS exp
    5    | exp . MINUS exp
    6    | exp . MULT exp
    7    | exp . DIV exp
    7    | exp DIV exp .
    8    | exp . EQEQ exp
    9    | exp . NOTEQ exp
   10    | exp . GRETER exp
   11    | exp . GRETEREQ exp
   12    | exp . LESS exp
   13    | exp . LESSEQ exp
   14    | exp . AND exp
   15    | exp . OR exp
   16    | exp . EQ exp
   17    | exp . UNDER exp

    EQ        shift, and go to state 6
    GRETEREQ  shift, and go to state 7
    LESSEQ    shift, and go to state 8
    GRETER    shift, and go to state 9
    LESS      shift, and go to state 10
    EQEQ      shift, and go to state 11
    AND       shift, and go to state 12
    OR        shift, and go to state 13
    NOTEQ     shift, and go to state 18
    UNDER     shift, and go to state 19

    $default  reduce using rule 7 (exp)


State 32

    4 exp: exp . PLUS exp
    5    | exp . MINUS exp
    6    | exp . MULT exp
    7    | exp . DIV exp
    8    | exp . EQEQ exp
    9    | exp . NOTEQ exp
    9    | exp NOTEQ exp .
   10    | exp . GRETER exp
   11    | exp . GRETEREQ exp
   12    | exp . LESS exp
   13    | exp . LESSEQ exp
   14    | exp . AND exp
   15    | exp . OR exp
   16    | exp . EQ exp
   17    | exp . UNDER exp

    EQ        shift, and go to state 6
    GRETEREQ  shift, and go to state 7
    LESSEQ    shift, and go to state 8
    GRETER    shift, and go to state 9
    LESS      shift, and go to state 10
    AND       shift, and go to state 12
    OR        shift, and go to state 13
    UNDER     shift, and go to state 19

    $default  reduce using rule 9 (exp)


State 33

    4 exp: exp . PLUS exp
    5    | exp . MINUS exp
    6    | exp . MULT exp
    7    | exp . DIV exp
    8    | exp . EQEQ exp
    9    | exp . NOTEQ exp
   10    | exp . GRETER exp
   11    | exp . GRETEREQ exp
   12    | exp . LESS exp
   13    | exp . LESSEQ exp
   14    | exp . AND exp
   15    | exp . OR exp
   16    | exp . EQ exp
   17    | exp . UNDER exp
   17    | exp UNDER exp .

    $default  reduce using rule 17 (exp)
